#
# There is insufficient memory for the Java Runtime Environment to continue.
# Native memory allocation (malloc) failed to allocate 1911696 bytes for Chunk::new
# Possible reasons:
#   The system is out of physical RAM or swap space
#   The process is running with CompressedOops enabled, and the Java Heap may be blocking the growth of the native heap
# Possible solutions:
#   Reduce memory load on the system
#   Increase physical memory or swap space
#   Check if swap backing store is full
#   Decrease Java heap size (-Xmx/-Xms)
#   Decrease number of Java threads
#   Decrease Java thread stack sizes (-Xss)
#   Set larger code cache with -XX:ReservedCodeCacheSize=
#   JVM is running with Unscaled Compressed Oops mode in which the Java heap is
#     placed in the first 4GB address space. The Java Heap base address is the
#     maximum limit for the native heap growth. Please use -XX:HeapBaseMinAddress
#     to set the Java Heap base and to place the Java Heap above 4GB virtual address.
# This output file may be truncated or incomplete.
#
#  Out of Memory Error (allocation.cpp:389), pid=1508, tid=0x00000000000045f4
#
# JRE version: OpenJDK Runtime Environment (8.0_242-b01) (build 1.8.0_242-release-1644-b01)
# Java VM: OpenJDK 64-Bit Server VM (25.242-b01 mixed mode windows-amd64 compressed oops)
# Failed to write core dump. Minidumps are not enabled by default on client versions of Windows
#

---------------  T H R E A D  ---------------

Current thread (0x000000001a5a9800):  JavaThread "C2 CompilerThread0" daemon [_thread_in_native, id=17908, stack(0x000000001ad70000,0x000000001ae70000)]

Stack: [0x000000001ad70000,0x000000001ae70000]
[error occurred during error reporting (printing stack bounds), id 0xc0000005]

Native frames: (J=compiled Java code, j=interpreted, Vv=VM code, C=native code)


Current CompileTask:
C2:  10771 2651       4       groovy.lang.MetaClassImpl$1MOPIter::methodNameAction (325 bytes)


---------------  P R O C E S S  ---------------

Java Threads: ( => current thread )
  0x000000001d1d8000 JavaThread "Cache worker for file content cache (E:\Users\cache\.gradle\caches\6.5\fileContent)" [_thread_blocked, id=19760, stack(0x00000000234d0000,0x00000000235d0000)]
  0x000000001d1d9800 JavaThread "jar transforms" [_thread_blocked, id=1396, stack(0x00000000233d0000,0x00000000234d0000)]
  0x000000001d1dd800 JavaThread "Cache worker for execution history cache (E:\Users\cache\.gradle\caches\6.5\executionHistory)" [_thread_blocked, id=12572, stack(0x0000000022cd0000,0x0000000022dd0000)]
  0x000000001d1d7800 JavaThread "Cache worker for cache directory md-rule (E:\Users\cache\.gradle\caches\6.5\md-rule)" [_thread_blocked, id=11908, stack(0x0000000022bd0000,0x0000000022cd0000)]
  0x000000001d1dc800 JavaThread "Cache worker for cache directory md-supplier (E:\Users\cache\.gradle\caches\6.5\md-supplier)" [_thread_blocked, id=9344, stack(0x0000000022ad0000,0x0000000022bd0000)]
  0x000000001d1db000 JavaThread "Cache worker for checksums cache (E:\Android_demo\3\DuShao\.gradle\checksums)" [_thread_blocked, id=17052, stack(0x0000000021720000,0x0000000021820000)]
  0x000000001d1de000 JavaThread "Cache worker for file hash cache (E:\Android_demo\3\DuShao\.gradle\6.5\fileHashes)" [_thread_blocked, id=1412, stack(0x0000000020630000,0x0000000020730000)]
  0x000000001d1da800 JavaThread "Cache worker for file hash cache (E:\Users\cache\.gradle\caches\6.5\fileHashes)" [_thread_blocked, id=21724, stack(0x000000001f0c0000,0x000000001f1c0000)]
  0x000000001d1dc000 JavaThread "File lock request listener" [_thread_in_native, id=14992, stack(0x000000001efc0000,0x000000001f0c0000)]
  0x000000001cf5f000 JavaThread "Cache worker for journal cache (E:\Users\cache\.gradle\caches\journal-1)" [_thread_blocked, id=10608, stack(0x000000001eec0000,0x000000001efc0000)]
  0x000000001c1bf000 JavaThread "Thread-9" [_thread_blocked, id=11452, stack(0x000000001ebc0000,0x000000001ecc0000)]
  0x000000001b89e000 JavaThread "Stdin handler" [_thread_blocked, id=19824, stack(0x000000001eac0000,0x000000001ebc0000)]
  0x000000001b89a800 JavaThread "Asynchronous log dispatcher for DefaultDaemonConnection: socket connection from /127.0.0.1:62381 to /127.0.0.1:62382" [_thread_blocked, id=21028, stack(0x000000001e9c0000,0x000000001eac0000)]
  0x000000001b610000 JavaThread "Daemon worker" [_thread_in_vm, id=10756, stack(0x000000001e8c0000,0x000000001e9c0000)]
  0x000000001b6ce000 JavaThread "Cancel handler" [_thread_blocked, id=21864, stack(0x000000001e6c0000,0x000000001e7c0000)]
  0x000000001ce92000 JavaThread "Handler for socket connection from /127.0.0.1:62381 to /127.0.0.1:62382" [_thread_in_native, id=3404, stack(0x000000001e5c0000,0x000000001e6c0000)]
  0x000000001ce8e800 JavaThread "Daemon" [_thread_blocked, id=5360, stack(0x000000001e4c0000,0x000000001e5c0000)]
  0x000000001ce6d000 JavaThread "Daemon periodic checks" [_thread_blocked, id=21744, stack(0x000000001e1c0000,0x000000001e2c0000)]
  0x000000001ce66800 JavaThread "Incoming local TCP Connector on port 62381" [_thread_in_native, id=16148, stack(0x000000001e010000,0x000000001e110000)]
  0x000000001ce1e800 JavaThread "Daemon health stats" [_thread_blocked, id=17796, stack(0x000000001dd10000,0x000000001de10000)]
  0x000000001a66a000 JavaThread "Service Thread" daemon [_thread_blocked, id=6892, stack(0x000000001b170000,0x000000001b270000)]
  0x000000001a611000 JavaThread "C1 CompilerThread3" daemon [_thread_blocked, id=10596, stack(0x000000001b070000,0x000000001b170000)]
  0x000000001a60d000 JavaThread "C2 CompilerThread2" daemon [_thread_in_native, id=14340, stack(0x000000001af70000,0x000000001b070000)]
  0x000000001a605800 JavaThread "C2 CompilerThread1" daemon [_thread_in_native, id=10672, stack(0x000000001ae70000,0x000000001af70000)]
=>0x000000001a5a9800 JavaThread "C2 CompilerThread0" daemon [_thread_in_native, id=17908, stack(0x000000001ad70000,0x000000001ae70000)]
  0x000000001a5a8000 JavaThread "Attach Listener" daemon [_thread_blocked, id=19996, stack(0x000000001ac70000,0x000000001ad70000)]
  0x000000001a600000 JavaThread "Signal Dispatcher" daemon [_thread_blocked, id=7356, stack(0x000000001ab70000,0x000000001ac70000)]
  0x000000001a591000 JavaThread "Finalizer" daemon [_thread_blocked, id=23144, stack(0x000000001aa70000,0x000000001ab70000)]
  0x000000001a590800 JavaThread "Reference Handler" daemon [_thread_blocked, id=18832, stack(0x000000001a970000,0x000000001aa70000)]
  0x000000000198e800 JavaThread "main" [_thread_blocked, id=16904, stack(0x0000000003530000,0x0000000003630000)]

Other Threads:
  0x0000000018798800 VMThread [stack: 0x000000001a470000,0x000000001a570000] [id=21488]
  0x000000001a66b800 WatcherThread [stack: 0x000000001b270000,0x000000001b370000] [id=608]

VM state:not at safepoint (normal execution)

VM Mutex/Monitor currently owned by a thread: None

heap address: 0x0000000080000000, size: 2048 MB, Compressed Oops mode: 32-bit
Narrow klass base: 0x0000000000000000, Narrow klass shift: 3
Compressed class space size: 1073741824 Address: 0x0000000100000000

Heap:
 PSYoungGen      total 143360K, used 19397K [0x00000000d5580000, 0x00000000ded80000, 0x0000000100000000)
  eden space 131072K, 14% used [0x00000000d5580000,0x00000000d6871588,0x00000000dd580000)
  from space 12288K, 0% used [0x00000000de180000,0x00000000de180000,0x00000000ded80000)
  to   space 12288K, 0% used [0x00000000dd580000,0x00000000dd580000,0x00000000de180000)
 ParOldGen       total 62464K, used 14470K [0x0000000080000000, 0x0000000083d00000, 0x00000000d5580000)
  object space 62464K, 23% used [0x0000000080000000,0x0000000080e21a58,0x0000000083d00000)
 Metaspace       used 35100K, capacity 36374K, committed 36568K, reserved 1081344K
  class space    used 4821K, capacity 5088K, committed 5120K, reserved 1048576K

Card table byte_map: [0x0000000012af0000,0x0000000012f00000] byte_map_base: 0x00000000126f0000

Marking Bits: (ParMarkBitMap*) 0x0000000056a7f030
 Begin Bits: [0x00000000139b0000, 0x00000000159b0000)
 End Bits:   [0x00000000159b0000, 0x00000000179b0000)

Polling page: 0x0000000001430000

CodeCache: size=245760Kb used=10430Kb max_used=10581Kb free=235330Kb
 bounds [0x0000000003730000, 0x0000000004190000, 0x0000000012730000]
 total_blobs=3424 nmethods=2732 adapters=605
 compilation: enabled

Compilation events (10 events):
Event: 10.709 Thread 0x000000001a611000 2799       3       java.lang.AbstractStringBuilder::getChars (64 bytes)
Event: 10.709 Thread 0x000000001a611000 nmethod 2799 0x0000000003911ad0 code [0x0000000003911c80, 0x00000000039121d8]
Event: 10.709 Thread 0x000000001a611000 2802       1       sun.reflect.generics.tree.Wildcard::getUpperBounds (5 bytes)
Event: 10.709 Thread 0x000000001a611000 nmethod 2802 0x00000000038b8810 code [0x00000000038b8960, 0x00000000038b8a70]
Event: 10.713 Thread 0x000000001a60d000 nmethod 2796 0x0000000003913210 code [0x0000000003913380, 0x0000000003913758]
Event: 10.728 Thread 0x000000001a60d000 2803       4       java.net.URLStreamHandler::equals (45 bytes)
Event: 10.749 Thread 0x000000001a611000 2806       3       java.lang.invoke.LambdaForm::lastUseIndex (76 bytes)
Event: 10.750 Thread 0x000000001a611000 nmethod 2806 0x000000000389ffd0 code [0x00000000038a0160, 0x00000000038a0528]
Event: 10.754 Thread 0x000000001a611000 2808       1       java.util.Formatter::access$000 (5 bytes)
Event: 10.754 Thread 0x000000001a611000 nmethod 2808 0x00000000038cb050 code [0x00000000038cb1a0, 0x00000000038cb290]

GC Heap History (10 events):
Event: 5.001 GC heap before
{Heap before GC invocations=6 (full 0):
 PSYoungGen      total 70656K, used 6035K [0x00000000d5580000, 0x00000000ded80000, 0x0000000100000000)
  eden space 65536K, 1% used [0x00000000d5580000,0x00000000d5669c80,0x00000000d9580000)
  from space 5120K, 99% used [0x00000000d9580000,0x00000000d9a7b050,0x00000000d9a80000)
  to   space 12288K, 0% used [0x00000000de180000,0x00000000de180000,0x00000000ded80000)
 ParOldGen       total 86016K, used 10485K [0x0000000080000000, 0x0000000085400000, 0x00000000d5580000)
  object space 86016K, 12% used [0x0000000080000000,0x0000000080a3d420,0x0000000085400000)
 Metaspace       used 20456K, capacity 21204K, committed 21248K, reserved 1067008K
  class space    used 2845K, capacity 3048K, committed 3072K, reserved 1048576K
Event: 5.028 GC heap after
Heap after GC invocations=6 (full 0):
 PSYoungGen      total 143360K, used 5132K [0x00000000d5580000, 0x00000000ded80000, 0x0000000100000000)
  eden space 131072K, 0% used [0x00000000d5580000,0x00000000d5580000,0x00000000dd580000)
  from space 12288K, 41% used [0x00000000de180000,0x00000000de683070,0x00000000ded80000)
  to   space 12288K, 0% used [0x00000000dd580000,0x00000000dd580000,0x00000000de180000)
 ParOldGen       total 86016K, used 10493K [0x0000000080000000, 0x0000000085400000, 0x00000000d5580000)
  object space 86016K, 12% used [0x0000000080000000,0x0000000080a3f420,0x0000000085400000)
 Metaspace       used 20456K, capacity 21204K, committed 21248K, reserved 1067008K
  class space    used 2845K, capacity 3048K, committed 3072K, reserved 1048576K
}
Event: 5.029 GC heap before
{Heap before GC invocations=7 (full 1):
 PSYoungGen      total 143360K, used 5132K [0x00000000d5580000, 0x00000000ded80000, 0x0000000100000000)
  eden space 131072K, 0% used [0x00000000d5580000,0x00000000d5580000,0x00000000dd580000)
  from space 12288K, 41% used [0x00000000de180000,0x00000000de683070,0x00000000ded80000)
  to   space 12288K, 0% used [0x00000000dd580000,0x00000000dd580000,0x00000000de180000)
 ParOldGen       total 86016K, used 10493K [0x0000000080000000, 0x0000000085400000, 0x00000000d5580000)
  object space 86016K, 12% used [0x0000000080000000,0x0000000080a3f420,0x0000000085400000)
 Metaspace       used 20456K, capacity 21204K, committed 21248K, reserved 1067008K
  class space    used 2845K, capacity 3048K, committed 3072K, reserved 1048576K
Event: 5.091 GC heap after
Heap after GC invocations=7 (full 1):
 PSYoungGen      total 143360K, used 0K [0x00000000d5580000, 0x00000000ded80000, 0x0000000100000000)
  eden space 131072K, 0% used [0x00000000d5580000,0x00000000d5580000,0x00000000dd580000)
  from space 12288K, 0% used [0x00000000de180000,0x00000000de180000,0x00000000ded80000)
  to   space 12288K, 0% used [0x00000000dd580000,0x00000000dd580000,0x00000000de180000)
 ParOldGen       total 51712K, used 10161K [0x0000000080000000, 0x0000000083280000, 0x00000000d5580000)
  object space 51712K, 19% used [0x0000000080000000,0x00000000809ec568,0x0000000083280000)
 Metaspace       used 20456K, capacity 21204K, committed 21248K, reserved 1067008K
  class space    used 2845K, capacity 3048K, committed 3072K, reserved 1048576K
}
Event: 9.131 GC heap before
{Heap before GC invocations=8 (full 1):
 PSYoungGen      total 143360K, used 131072K [0x00000000d5580000, 0x00000000ded80000, 0x0000000100000000)
  eden space 131072K, 100% used [0x00000000d5580000,0x00000000dd580000,0x00000000dd580000)
  from space 12288K, 0% used [0x00000000de180000,0x00000000de180000,0x00000000ded80000)
  to   space 12288K, 0% used [0x00000000dd580000,0x00000000dd580000,0x00000000de180000)
 ParOldGen       total 51712K, used 10161K [0x0000000080000000, 0x0000000083280000, 0x00000000d5580000)
  object space 51712K, 19% used [0x0000000080000000,0x00000000809ec568,0x0000000083280000)
 Metaspace       used 32937K, capacity 34032K, committed 34176K, reserved 1079296K
  class space    used 4476K, capacity 4722K, committed 4736K, reserved 1048576K
Event: 9.415 GC heap after
Heap after GC invocations=8 (full 1):
 PSYoungGen      total 143360K, used 12280K [0x00000000d5580000, 0x00000000ded80000, 0x0000000100000000)
  eden space 131072K, 0% used [0x00000000d5580000,0x00000000d5580000,0x00000000dd580000)
  from space 12288K, 99% used [0x00000000dd580000,0x00000000de17e298,0x00000000de180000)
  to   space 12288K, 0% used [0x00000000de180000,0x00000000de180000,0x00000000ded80000)
 ParOldGen       total 51712K, used 12024K [0x0000000080000000, 0x0000000083280000, 0x00000000d5580000)
  object space 51712K, 23% used [0x0000000080000000,0x0000000080bbe298,0x0000000083280000)
 Metaspace       used 32937K, capacity 34032K, committed 34176K, reserved 1079296K
  class space    used 4476K, capacity 4722K, committed 4736K, reserved 1048576K
}
Event: 9.978 GC heap before
{Heap before GC invocations=9 (full 1):
 PSYoungGen      total 143360K, used 40007K [0x00000000d5580000, 0x00000000ded80000, 0x0000000100000000)
  eden space 131072K, 21% used [0x00000000d5580000,0x00000000d7093c08,0x00000000dd580000)
  from space 12288K, 99% used [0x00000000dd580000,0x00000000de17e298,0x00000000de180000)
  to   space 12288K, 0% used [0x00000000de180000,0x00000000de180000,0x00000000ded80000)
 ParOldGen       total 51712K, used 12024K [0x0000000080000000, 0x0000000083280000, 0x00000000d5580000)
  object space 51712K, 23% used [0x0000000080000000,0x0000000080bbe298,0x0000000083280000)
 Metaspace       used 34224K, capacity 35372K, committed 35416K, reserved 1079296K
  class space    used 4686K, capacity 4969K, committed 4992K, reserved 1048576K
Event: 10.019 GC heap after
Heap after GC invocations=9 (full 1):
 PSYoungGen      total 143360K, used 7890K [0x00000000d5580000, 0x00000000ded80000, 0x0000000100000000)
  eden space 131072K, 0% used [0x00000000d5580000,0x00000000d5580000,0x00000000dd580000)
  from space 12288K, 64% used [0x00000000de180000,0x00000000de934a88,0x00000000ded80000)
  to   space 12288K, 0% used [0x00000000dd580000,0x00000000dd580000,0x00000000de180000)
 ParOldGen       total 51712K, used 12032K [0x0000000080000000, 0x0000000083280000, 0x00000000d5580000)
  object space 51712K, 23% used [0x0000000080000000,0x0000000080bc0298,0x0000000083280000)
 Metaspace       used 34224K, capacity 35372K, committed 35416K, reserved 1079296K
  class space    used 4686K, capacity 4969K, committed 4992K, reserved 1048576K
}
Event: 10.020 GC heap before
{Heap before GC invocations=10 (full 2):
 PSYoungGen      total 143360K, used 7890K [0x00000000d5580000, 0x00000000ded80000, 0x0000000100000000)
  eden space 131072K, 0% used [0x00000000d5580000,0x00000000d5580000,0x00000000dd580000)
  from space 12288K, 64% used [0x00000000de180000,0x00000000de934a88,0x00000000ded80000)
  to   space 12288K, 0% used [0x00000000dd580000,0x00000000dd580000,0x00000000de180000)
 ParOldGen       total 51712K, used 12032K [0x0000000080000000, 0x0000000083280000, 0x00000000d5580000)
  object space 51712K, 23% used [0x0000000080000000,0x0000000080bc0298,0x0000000083280000)
 Metaspace       used 34224K, capacity 35372K, committed 35416K, reserved 1079296K
  class space    used 4686K, capacity 4969K, committed 4992K, reserved 1048576K
Event: 10.485 GC heap after
Heap after GC invocations=10 (full 2):
 PSYoungGen      total 143360K, used 0K [0x00000000d5580000, 0x00000000ded80000, 0x0000000100000000)
  eden space 131072K, 0% used [0x00000000d5580000,0x00000000d5580000,0x00000000dd580000)
  from space 12288K, 0% used [0x00000000de180000,0x00000000de180000,0x00000000ded80000)
  to   space 12288K, 0% used [0x00000000dd580000,0x00000000dd580000,0x00000000de180000)
 ParOldGen       total 62464K, used 14470K [0x0000000080000000, 0x0000000083d00000, 0x00000000d5580000)
  object space 62464K, 23% used [0x0000000080000000,0x0000000080e21a58,0x0000000083d00000)
 Metaspace       used 34224K, capacity 35372K, committed 35416K, reserved 1079296K
  class space    used 4686K, capacity 4969K, committed 4992K, reserved 1048576K
}

Deoptimization events (10 events):
Event: 7.298 Thread 0x000000001b610000 Uncommon trap: reason=unstable_if action=reinterpret pc=0x0000000003cfada4 method=java.net.URLClassLoader.defineClass(Ljava/lang/String;Lsun/misc/Resource;)Ljava/lang/Class; @ 21
Event: 7.298 Thread 0x000000001b610000 Uncommon trap: reason=unstable_if action=reinterpret pc=0x0000000003c306b4 method=java.lang.ClassLoader.getClassLoadingLock(Ljava/lang/String;)Ljava/lang/Object; @ 6
Event: 8.101 Thread 0x000000001b610000 Uncommon trap: reason=unstable_if action=reinterpret pc=0x0000000003ce5304 method=java.util.HashMap.getNode(ILjava/lang/Object;)Ljava/util/HashMap$Node; @ 53
Event: 8.101 Thread 0x000000001b610000 Uncommon trap: reason=unstable_if action=reinterpret pc=0x0000000003cec988 method=java.util.HashMap.putVal(ILjava/lang/Object;Ljava/lang/Object;ZZ)Ljava/lang/Object; @ 85
Event: 8.380 Thread 0x000000001b610000 Uncommon trap: reason=unstable_if action=reinterpret pc=0x0000000003f4f274 method=org.gradle.internal.reflect.PropertyAccessorType.isGetGetterName(Ljava/lang/String;)Z @ 14
Event: 8.510 Thread 0x000000001b610000 Uncommon trap: reason=unstable_if action=reinterpret pc=0x0000000003e46080 method=org.objectweb.asm.ByteVector.putShort(I)Lorg/objectweb/asm/ByteVector; @ 13
Event: 8.806 Thread 0x000000001b610000 Uncommon trap: reason=unstable_if action=reinterpret pc=0x0000000003d65c64 method=java.net.URLClassLoader.defineClass(Ljava/lang/String;Lsun/misc/Resource;)Ljava/lang/Class; @ 21
Event: 8.982 Thread 0x000000001b610000 Uncommon trap: reason=unstable_if action=reinterpret pc=0x0000000004119bc0 method=org.codehaus.groovy.runtime.metaclass.MetaMethodIndex.addMethodToList(Ljava/lang/Object;Lgroovy/lang/MetaMethod;)Ljava/lang/Object; @ 226
Event: 9.605 Thread 0x000000001b610000 Uncommon trap: reason=range_check action=make_not_entrant pc=0x00000000040e7ba4 method=java.lang.String.charAt(I)C @ 27
Event: 9.868 Thread 0x000000001b610000 Uncommon trap: reason=unstable_if action=reinterpret pc=0x0000000003a2bb04 method=java.io.WinNTFileSystem.resolve(Ljava/lang/String;Ljava/lang/String;)Ljava/lang/String; @ 19

Classes redefined (0 events):
No events

Internal exceptions (10 events):
Event: 9.493 Thread 0x000000001b610000 Exception <a 'java/lang/ClassNotFoundException': org/gradle/api/internal/artifacts/dsl/DefaultRepositoryHandlerCustomizer> (0x00000000d56e2dc8) thrown at [C:\src\AOSP-openjdk-git\hotspot\src\share\vm\classfile\systemDictionary.cpp, line 210]
Event: 9.496 Thread 0x000000001b610000 Exception <a 'java/lang/ClassNotFoundException': org/gradle/api/internal/artifacts/dsl/DefaultRepositoryHandler_DecoratedCustomizer> (0x00000000d5766560) thrown at [C:\src\AOSP-openjdk-git\hotspot\src\share\vm\classfile\systemDictionary.cpp, line 210]
Event: 9.812 Thread 0x000000001b610000 Exception <a 'java/lang/ClassNotFoundException': org/gradle/api/internal/artifacts/dsl/dependencies/DefaultDependencyHandler_DecoratedBeanInfo> (0x00000000d6589b40) thrown at [C:\src\AOSP-openjdk-git\hotspot\src\share\vm\classfile\systemDictionary.cpp, li
Event: 9.813 Thread 0x000000001b610000 Exception <a 'java/lang/ClassNotFoundException': org/gradle/api/internal/artifacts/dsl/dependencies/DefaultDependencyHandlerBeanInfo> (0x00000000d65e2480) thrown at [C:\src\AOSP-openjdk-git\hotspot\src\share\vm\classfile\systemDictionary.cpp, line 210]
Event: 9.814 Thread 0x000000001b610000 Exception <a 'java/lang/ClassNotFoundException': org/gradle/api/internal/artifacts/dsl/dependencies/DefaultDependencyHandlerCustomizer> (0x00000000d663c0c0) thrown at [C:\src\AOSP-openjdk-git\hotspot\src\share\vm\classfile\systemDictionary.cpp, line 210]
Event: 9.820 Thread 0x000000001b610000 Exception <a 'java/lang/ClassNotFoundException': org/gradle/api/internal/artifacts/dsl/dependencies/DefaultDependencyHandler_DecoratedCustomizer> (0x00000000d66c6dc0) thrown at [C:\src\AOSP-openjdk-git\hotspot\src\share\vm\classfile\systemDictionary.cpp, 
Event: 9.937 Thread 0x000000001b610000 Exception <a 'java/lang/NoSuchMethodError': java.lang.Object.lambda$static$0(Lorg/gradle/api/internal/artifacts/configurations/MutationValidator$MutationType;)V> (0x00000000d6d3d540) thrown at [C:\src\AOSP-openjdk-git\hotspot\src\share\vm\interpreter\link
Event: 10.661 Thread 0x000000001b610000 Exception <a 'java/lang/NoSuchMethodError': java.lang.Object.lambda$static$0(Lorg/gradle/internal/component/model/DependencyMetadata;)Lorg/gradle/api/internal/artifacts/ivyservice/dependencysubstitution/DependencySubstitutionApplicator$SubstitutionResult;
Event: 10.750 Thread 0x000000001b610000 Exception <a 'java/lang/IncompatibleClassChangeError': Found class java.lang.Object, but interface was expected> (0x00000000d65bfe30) thrown at [C:\src\AOSP-openjdk-git\hotspot\src\share\vm\interpreter\linkResolver.cpp, line 653]
Event: 10.754 Thread 0x000000001b610000 Exception <a 'java/lang/NoSuchMethodError': java.lang.Object.lambda$thenComparing$36697e65$1(Ljava/util/Comparator;Ljava/lang/Object;Ljava/lang/Object;)I> (0x00000000d65cb8e0) thrown at [C:\src\AOSP-openjdk-git\hotspot\src\share\vm\interpreter\linkResolve

Events (10 events):
Event: 10.761 loading class org/gradle/api/internal/artifacts/ivyservice/resolveengine/graph/builder/DependencyGraphBuilder$VisitState
Event: 10.761 loading class org/gradle/api/internal/artifacts/ivyservice/resolveengine/graph/builder/DependencyGraphBuilder$VisitState done
Event: 10.762 loading class org/gradle/api/internal/artifacts/ResolvedConfigurationIdentifier
Event: 10.762 loading class org/gradle/api/internal/artifacts/ResolvedConfigurationIdentifier done
Event: 10.764 loading class org/gradle/internal/component/model/SelectedByVariantMatchingConfigurationMetadata
Event: 10.764 loading class org/gradle/internal/component/model/SelectedByVariantMatchingConfigurationMetadata done
Event: 10.766 loading class org/gradle/api/internal/artifacts/ivyservice/resolveengine/graph/builder/ReplaceSelectionWithConflictResultAction
Event: 10.766 loading class org/gradle/api/internal/artifacts/ivyservice/resolveengine/graph/builder/ReplaceSelectionWithConflictResultAction done
Event: 10.766 loading class org/gradle/api/internal/artifacts/ivyservice/resolveengine/graph/selectors/SelectorStateResolver
Event: 10.767 loading class org/gradle/api/internal/artifacts/ivyservice/resolveengine/graph/selectors/SelectorStateResolver done


Dynamic libraries:
0x00007ff7a5bb0000 - 0x00007ff7a5be1000 	D:\Android\android studio\jre\bin\java.exe
0x00007ffde40c0000 - 0x00007ffde42b0000 	C:\WINDOWS\SYSTEM32\ntdll.dll
0x00007ffde2390000 - 0x00007ffde2442000 	C:\WINDOWS\System32\KERNEL32.DLL
0x00007ffde1130000 - 0x00007ffde13d5000 	C:\WINDOWS\System32\KERNELBASE.dll
0x00007ffde3fd0000 - 0x00007ffde4073000 	C:\WINDOWS\System32\ADVAPI32.dll
0x00007ffde2990000 - 0x00007ffde2a2e000 	C:\WINDOWS\System32\msvcrt.dll
0x00007ffde3f30000 - 0x00007ffde3fc7000 	C:\WINDOWS\System32\sechost.dll
0x00007ffde39b0000 - 0x00007ffde3acf000 	C:\WINDOWS\System32\RPCRT4.dll
0x00007ffde3d40000 - 0x00007ffde3ed4000 	C:\WINDOWS\System32\USER32.dll
0x00007ffde1440000 - 0x00007ffde1461000 	C:\WINDOWS\System32\win32u.dll
0x00007ffde3ee0000 - 0x00007ffde3f06000 	C:\WINDOWS\System32\GDI32.dll
0x00007ffde1750000 - 0x00007ffde18e8000 	C:\WINDOWS\System32\gdi32full.dll
0x00007ffde1470000 - 0x00007ffde150e000 	C:\WINDOWS\System32\msvcp_win.dll
0x00007ffde1030000 - 0x00007ffde112a000 	C:\WINDOWS\System32\ucrtbase.dll
0x00007ffdce610000 - 0x00007ffdce894000 	C:\WINDOWS\WinSxS\amd64_microsoft.windows.common-controls_6595b64144ccf1df_6.0.18362.1440_none_9e7dbfb9e45e8e67\COMCTL32.dll
0x00007ffde2450000 - 0x00007ffde2786000 	C:\WINDOWS\System32\combase.dll
0x00007ffde1560000 - 0x00007ffde15e1000 	C:\WINDOWS\System32\bcryptPrimitives.dll
0x00007ffde3c20000 - 0x00007ffde3c4e000 	C:\WINDOWS\System32\IMM32.DLL
0x00000000560f0000 - 0x00000000561c2000 	D:\Android\android studio\jre\jre\bin\msvcr100.dll
0x00000000562b0000 - 0x0000000056afb000 	D:\Android\android studio\jre\jre\bin\server\jvm.dll
0x00007ffde3cc0000 - 0x00007ffde3cc8000 	C:\WINDOWS\System32\PSAPI.DLL
0x00007ffdc8330000 - 0x00007ffdc8339000 	C:\WINDOWS\SYSTEM32\WSOCK32.dll
0x00007ffde3ad0000 - 0x00007ffde3b3f000 	C:\WINDOWS\System32\WS2_32.dll
0x00007ffdd9940000 - 0x00007ffdd994a000 	C:\WINDOWS\SYSTEM32\VERSION.dll
0x00007ffddd560000 - 0x00007ffddd584000 	C:\WINDOWS\SYSTEM32\WINMM.dll
0x00007ffddd530000 - 0x00007ffddd55d000 	C:\WINDOWS\SYSTEM32\WINMMBASE.dll
0x00007ffde1510000 - 0x00007ffde155a000 	C:\WINDOWS\System32\cfgmgr32.dll
0x00007ffdd8f60000 - 0x00007ffdd8f6f000 	D:\Android\android studio\jre\jre\bin\verify.dll
0x00007ffdd8b30000 - 0x00007ffdd8b59000 	D:\Android\android studio\jre\jre\bin\java.dll
0x00007ffdcefd0000 - 0x00007ffdcefe6000 	D:\Android\android studio\jre\jre\bin\zip.dll
0x00007ffde3210000 - 0x00007ffde38f8000 	C:\WINDOWS\System32\SHELL32.dll
0x00007ffde2860000 - 0x00007ffde2907000 	C:\WINDOWS\System32\shcore.dll
0x00007ffde1920000 - 0x00007ffde209b000 	C:\WINDOWS\System32\windows.storage.dll
0x00007ffde0fc0000 - 0x00007ffde0fde000 	C:\WINDOWS\System32\profapi.dll
0x00007ffde0fe0000 - 0x00007ffde102a000 	C:\WINDOWS\System32\powrprof.dll
0x00007ffde0f70000 - 0x00007ffde0f80000 	C:\WINDOWS\System32\UMPDC.dll
0x00007ffde31b0000 - 0x00007ffde3202000 	C:\WINDOWS\System32\shlwapi.dll
0x00007ffde0fa0000 - 0x00007ffde0fb1000 	C:\WINDOWS\System32\kernel.appcore.dll
0x00007ffde2150000 - 0x00007ffde2167000 	C:\WINDOWS\System32\cryptsp.dll
0x00007ffdcd1d0000 - 0x00007ffdcd1ea000 	D:\Android\android studio\jre\jre\bin\net.dll
0x00007ffde07b0000 - 0x00007ffde0817000 	C:\WINDOWS\system32\mswsock.dll
0x00007ffdcc7f0000 - 0x00007ffdcc803000 	D:\Android\android studio\jre\jre\bin\nio.dll
0x00007ffdac100000 - 0x00007ffdac127000 	E:\Users\cache\.gradle\native\f6784746aeab05261644944871eae4fe03e0ef1612fff0a4a95f87b438bc6780\windows-amd64\native-platform.dll
0x00007ffdd8750000 - 0x00007ffdd875d000 	D:\Android\android studio\jre\jre\bin\management.dll
0x00007ffde0330000 - 0x00007ffde0363000 	C:\WINDOWS\system32\rsaenh.dll
0x00007ffde18f0000 - 0x00007ffde1916000 	C:\WINDOWS\System32\bcrypt.dll
0x00007ffde0e90000 - 0x00007ffde0eb5000 	C:\WINDOWS\SYSTEM32\USERENV.dll
0x00007ffde0980000 - 0x00007ffde098c000 	C:\WINDOWS\SYSTEM32\CRYPTBASE.dll
0x00007ffde04c0000 - 0x00007ffde04fa000 	C:\WINDOWS\SYSTEM32\IPHLPAPI.DLL
0x00007ffde3d30000 - 0x00007ffde3d38000 	C:\WINDOWS\System32\NSI.dll
0x00007ffdd6ec0000 - 0x00007ffdd6ed6000 	C:\WINDOWS\SYSTEM32\dhcpcsvc6.DLL
0x00007ffdd6f90000 - 0x00007ffdd6fac000 	C:\WINDOWS\SYSTEM32\dhcpcsvc.DLL
0x00007ffde0500000 - 0x00007ffde05cb000 	C:\WINDOWS\SYSTEM32\DNSAPI.dll
0x00007ffdd91c0000 - 0x00007ffdd91cb000 	C:\WINDOWS\SYSTEM32\WINNSI.DLL

VM Arguments:
jvm_args: -Xmx2048m -Dfile.encoding=UTF-8 -Duser.country=CN -Duser.language=zh -Duser.variant 
java_command: org.gradle.launcher.daemon.bootstrap.GradleDaemon 6.5
java_class_path (initial): E:\Users\cache\.gradle\wrapper\dists\gradle-6.5-bin\6nifqtx7604sqp1q6g8wikw7p\gradle-6.5\lib\gradle-launcher-6.5.jar
Launcher Type: SUN_STANDARD

Environment Variables:
JAVA_HOME=E:\Jdk13.0.2
CLASSPATH=.;E:\Jdk13.0.2\lib\dt.jar;E:\Jdk13.0.2\lib\tools.jar;E:\apache-tomcat-9.0\apache-tomcat-9.0.44\lib\servlet-api.jar;
PATH=D:\VMware\bin\;C:\Windows\system32;C:\Windows;C:\Windows\System32\Wbem;C:\Windows\System32\WindowsPowerShell\v1.0\;C:\Windows\System32\OpenSSH\;C:\Program Files (x86)\NVIDIA Corporation\PhysX\Common;C:\Program Files\NVIDIA Corporation\NVIDIA NvDLISR;C:\Program Files (x86)\Intel\Intel(R) Management Engine Components\DAL;C:\Program Files\Intel\Intel(R) Management Engine Components\DAL;C:\Program Files\Intel\WiFi\bin\;C:\Program Files\Common Files\Intel\WirelessCommon\;C:\Program Files\dotnet\;C:\WINDOWS\system32;C:\WINDOWS;C:\WINDOWS\System32\Wbem;C:\WINDOWS\System32\WindowsPowerShell\v1.0\;C:\WINDOWS\System32\OpenSSH\;D:\gtk_win64\bin;d:\100\Tools\Binn\;d:\100\DTS\Binn\;E:\runtime\win64;E:\bin;E:\polyspace\bin;C:\Program Files (x86)\dotnet\;C:\Program Files\Git\cmd;D:\Anacoda;D:\Anacoda\Library\mingw-w64\bin;D:\Anacoda\Library\usr\bin;D:\Anacoda\Library\bin;D:\Anacoda\Scripts;D:\python\Scripts\;D:\python\;C:\Users\ASUS\AppData\Local\Microsoft\WindowsApps;E:\Jdk13.0.2\bin;E:\Jdk13.0.2\jre\bin;E:\IntelliJ IDEA Community Edition 2020.1.2\bin;;D:\python\PyCharm Community Edition 2020.3.1\bin;;D:\IDEA\IntelliJ IDEA 2019.3.5\bin;;E:\apache-tomcat-9.0\apache-tomcat-9.0.44\bin;E:\apache-tomcat-9.0\apache-tomcat-9.0.44\lib;E:\apache-maven-3.6\apache-maven-3.6.3\bin;
USERNAME=ASUS
OS=Windows_NT
PROCESSOR_IDENTIFIER=Intel64 Family 6 Model 158 Stepping 10, GenuineIntel



---------------  S Y S T E M  ---------------

OS: Windows 10.0 , 64 bit Build 18362 (10.0.18362.1350)

CPU:total 8 (initial active 8) (4 cores per cpu, 2 threads per core) family 6 model 158 stepping 10, cmov, cx8, fxsr, mmx, sse, sse2, sse3, ssse3, sse4.1, sse4.2, popcnt, avx, avx2, aes, clmul, erms, 3dnowpref, lzcnt, ht, tsc, tscinvbit, bmi1, bmi2, adx

Memory: 4k page, physical 8237012k(291076k free), swap 19406076k(4772k free)

vm_info: OpenJDK 64-Bit Server VM (25.242-b01) for windows-amd64 JRE (1.8.0_242-release-1644-b01), built by "builder" with MS VC++ 10.0 (VS2010)

time: Mon May 10 21:30:42 2021
timezone: 中国标准时间
elapsed time: 10 seconds (0d 0h 0m 10s)

